
2018-11-19 11:50
list index out of range


2018-11-19 11:50
list index out of range


2018-11-19 11:50
'en'


2018-11-19 11:51
list index out of range


2018-11-19 11:51
list index out of range


2018-11-19 11:52
'es'


2018-11-19 11:53
list index out of range


2018-11-19 11:53
list index out of range


2018-11-19 12:23
invalid literal for int() with base 10: '6771943AAAcoworker'


2018-11-21 11:28
'shared_caption'


2018-11-21 13:18
[Errno 2] No such file or directory: 'img/es/other.jpg'


2018-11-21 13:23
[Errno 2] No such file or directory: 'img/es/other.jpg'


2018-11-21 13:32
'share_more'


2018-11-21 13:33
'share_more'

